<?xml version="1.0" encoding="UTF-8"?>
<testsuite xmlns:xsi="http://www.w3.org/2001/XMLSchema-instance" xsi:noNamespaceSchemaLocation="https://maven.apache.org/surefire/maven-surefire-plugin/xsd/surefire-test-report-3.0.xsd" version="3.0" name="CatServiceTests" time="0.358" tests="6" errors="0" skipped="0" failures="0">
  <properties>
[...]
</properties>
  <testcase name="removeCatShouldRemoveCatAndItsRelationships" classname="CatServiceTests" time="0.308"/>
  <testcase name="unfriendCatsShouldRemoveFriendships" classname="CatServiceTests" time="0.004"/>
  <testcase name="findAllCatsShouldReturnListOfCatDtosWhenOwnerExists" classname="CatServiceTests" time="0.018"/>
  <testcase name="removeCatShouldThrowExceptionIfCatNotFound" classname="CatServiceTests" time="0.004"/>
  <testcase name="createCatShouldReturnValidDto" classname="CatServiceTests" time="0.002"/>
  <testcase name="findAllCatsShouldThrowExceptionWhenOwnerNotFound" classname="CatServiceTests" time="0.002"/>
</testsuite>